<?xml version="1.0" encoding="UTF-8"?>
<!-- Generated by org.testng.reporters.JUnitReportReporter -->
<testsuite hostname="T" failures="0" tests="6" name="cucumberRunners.Regression" time="49.419" errors="0" timestamp="2024-12-17T22:13:36 IST" skipped="0">
  <testcase classname="cucumberRunners.Regression" name="runScenario" time="15.483"/>
  <testcase classname="cucumberRunners.Regression" name="runScenario" time="4.916"/>
  <testcase classname="cucumberRunners.Regression" name="runScenario" time="5.865"/>
  <testcase classname="cucumberRunners.Regression" name="runScenario" time="3.871"/>
  <testcase classname="cucumberRunners.Regression" name="runScenario" time="4.886"/>
  <testcase classname="cucumberRunners.Regression" name="runScenario" time="14.398"/>
</testsuite> <!-- cucumberRunners.Regression -->
