<?xml version="1.0" encoding="UTF-8"?>
<!-- Generated by org.testng.reporters.JUnitReportReporter -->
<testsuite hostname="T" failures="0" tests="1" name="cucumberRunners.Sanity" time="8.263" errors="0" timestamp="2024-12-17T20:45:45 IST" skipped="0">
  <testcase classname="cucumberRunners.Sanity" name="runScenario" time="8.263"/>
</testsuite> <!-- cucumberRunners.Sanity -->
