<?xml version="1.0" encoding="UTF-8"?>
<!-- Generated by org.testng.reporters.JUnitReportReporter -->
<testsuite hostname="T" failures="0" tests="6" name="cucumberRunners.Regression" time="49.304" errors="0" timestamp="2024-12-17T22:20:59 IST" skipped="0">
  <testcase classname="cucumberRunners.Regression" name="runScenario" time="4.887"/>
  <testcase classname="cucumberRunners.Regression" name="runScenario" time="6.446"/>
  <testcase classname="cucumberRunners.Regression" name="runScenario" time="5.210"/>
  <testcase classname="cucumberRunners.Regression" name="runScenario" time="14.833"/>
  <testcase classname="cucumberRunners.Regression" name="runScenario" time="12.900"/>
  <testcase classname="cucumberRunners.Regression" name="runScenario" time="5.028"/>
</testsuite> <!-- cucumberRunners.Regression -->
