<?xml version="1.0" encoding="UTF-8"?>
<!-- Generated by org.testng.reporters.JUnitReportReporter -->
<testsuite hostname="T" failures="0" tests="2" name="cucumberRunners.Sanity" time="23.977" errors="0" timestamp="2024-12-17T22:18:50 IST" skipped="0">
  <testcase classname="cucumberRunners.Sanity" name="runScenario" time="12.845"/>
  <testcase classname="cucumberRunners.Sanity" name="runScenario" time="11.132"/>
</testsuite> <!-- cucumberRunners.Sanity -->
